\BOOKMARK [1][-]{section.1}{\376\377\000I\000n\000t\000r\000o\000d\000u\000z\000i\000o\000n\000e}{}% 1
\BOOKMARK [2][-]{subsection.1.1}{\376\377\000A\000m\000b\000i\000e\000n\000t\000e\000\040\000d\000i\000\040\000S\000v\000i\000l\000u\000p\000p\000o}{section.1}% 2
\BOOKMARK [2][-]{subsection.1.2}{\376\377\000L\000a\000\040\000n\000o\000s\000t\000r\000a\000\040\000R\000e\000t\000e}{section.1}% 3
\BOOKMARK [3][-]{subsubsection.1.2.1}{\376\377\000P\000r\000o\000p\000r\000i\000e\000t\000\340\000\040\000d\000e\000l\000l\000a\000\040\000R\000e\000t\000e}{subsection.1.2}% 4
\BOOKMARK [1][-]{section.2}{\376\377\000S\000t\000a\000t\000i\000s\000t\000i\000c\000h\000e\000\040\000d\000i\000\040\000R\000e\000t\000e}{}% 5
\BOOKMARK [1][-]{section.3}{\376\377\000S\000t\000a\000t\000i\000s\000t\000i\000c\000h\000e\000\040\000N\000o\000d\000a\000l\000i}{}% 6
\BOOKMARK [2][-]{subsection.3.1}{\376\377\000D\000e\000g\000r\000e\000e\000\040\000C\000e\000n\000t\000r\000a\000l\000i\000t\000y}{section.3}% 7
\BOOKMARK [3][-]{subsubsection.3.1.1}{\376\377\000I\000n\000-\000D\000e\000g\000r\000e\000e\000\040\000C\000e\000n\000t\000r\000a\000l\000i\000t\000y}{subsection.3.1}% 8
\BOOKMARK [3][-]{subsubsection.3.1.2}{\376\377\000O\000u\000t\000-\000D\000e\000g\000r\000e\000e\000\040\000C\000e\000n\000t\000r\000a\000l\000i\000t\000y}{subsection.3.1}% 9
\BOOKMARK [2][-]{subsection.3.2}{\376\377\000C\000l\000o\000s\000e\000n\000e\000s\000s\000\040\000C\000e\000n\000t\000r\000a\000l\000i\000t\000y}{section.3}% 10
\BOOKMARK [3][-]{subsubsection.3.2.1}{\376\377\000I\000n\000-\000C\000l\000o\000s\000e\000n\000e\000s\000s\000\040\000C\000e\000n\000t\000r\000a\000l\000i\000t\000y}{subsection.3.2}% 11
\BOOKMARK [3][-]{subsubsection.3.2.2}{\376\377\000O\000u\000t\000-\000C\000l\000o\000s\000e\000n\000e\000s\000s\000\040\000C\000e\000n\000t\000r\000a\000l\000i\000t\000y}{subsection.3.2}% 12
\BOOKMARK [2][-]{subsection.3.3}{\376\377\000B\000e\000t\000w\000e\000e\000n\000n\000e\000s\000s\000\040\000C\000e\000n\000t\000r\000a\000l\000i\000t\000y}{section.3}% 13
\BOOKMARK [2][-]{subsection.3.4}{\376\377\000E\000i\000g\000e\000n\000V\000e\000c\000t\000o\000r\000\040\000C\000e\000n\000t\000r\000a\000l\000i\000t\000y}{section.3}% 14
\BOOKMARK [1][-]{section.4}{\376\377\000M\000o\000d\000e\000l\000l\000i}{}% 15
\BOOKMARK [2][-]{subsection.4.1}{\376\377\000S\000i\000m\000p\000l\000e\000\040\000R\000a\000n\000d\000o\000m\000\040\000G\000r\000a\000p\000h\000\040\000M\000o\000d\000e\000l\000\040\000\050\000S\000R\000G\000\051}{section.4}% 16
\BOOKMARK [2][-]{subsection.4.2}{\376\377\000E\000x\000p\000o\000n\000e\000n\000t\000i\000a\000l\000\040\000R\000a\000n\000d\000o\000m\000\040\000G\000r\000a\000p\000h\000\040\000M\000o\000d\000e\000l\000s\000\040\000\050\000E\000R\000G\000M\000s\000\051}{section.4}% 17
\BOOKMARK [3][-]{subsubsection.4.2.1}{\376\377\000N\000o\000n\000-\000H\000o\000m\000o\000g\000e\000n\000e\000u\000s\000\040\000S\000i\000m\000p\000l\000e\000\040\000R\000a\000n\000d\000o\000m\000\040\000G\000r\000a\000p\000h\000\040\000M\000o\000d\000e\000l\000\040\000\050\000N\000H\000-\000S\000R\000G\000\051}{subsection.4.2}% 18
\BOOKMARK [3][-]{subsubsection.4.2.2}{\376\377\000P\0001\000\040\000M\000o\000d\000e\000l}{subsection.4.2}% 19
\BOOKMARK [3][-]{subsubsection.4.2.3}{\376\377\000A\000t\000t\000r\000i\000b\000u\000t\000i\000\040\000N\000o\000d\000a\000l\000i}{subsection.4.2}% 20
\BOOKMARK [3][-]{subsubsection.4.2.4}{\376\377\000M\000a\000r\000k\000o\000v\000\040\000G\000r\000a\000p\000h\000\040\000M\000o\000d\000e\000l}{subsection.4.2}% 21
\BOOKMARK [3][-]{subsubsection.4.2.5}{\376\377\000S\000o\000c\000i\000a\000l\000\040\000C\000i\000r\000c\000u\000i\000t\000\040\000M\000o\000d\000e\000l}{subsection.4.2}% 22
\BOOKMARK [2][-]{subsection.4.3}{\376\377\000F\000i\000n\000i\000t\000e\000\040\000M\000i\000x\000t\000u\000r\000e\000s}{section.4}% 23
\BOOKMARK [3][-]{subsubsection.4.3.1}{\376\377\000S\000t\000o\000c\000h\000a\000s\000t\000i\000c\000\040\000B\000l\000o\000c\000k\000\040\000M\000o\000d\000e\000l}{subsection.4.3}% 24
\BOOKMARK [1][-]{section.5}{\376\377\000C\000o\000n\000c\000l\000u\000s\000i\000o\000n\000i}{}% 25
